/usr/local/lib/site_ruby/1.8/rubygems/custom_require.rb:36:in `gem_original_require': no such file to load -- bundler/setup (LoadError)
	from /usr/local/lib/site_ruby/1.8/rubygems/custom_require.rb:36:in `require'
	from /home/ovca/Dropbox/Programiranje/ruby/rails/orders/config/boot.rb:6
	from script/rails:5:in `require'
	from script/rails:5
/usr/local/lib/site_ruby/1.8/rubygems/custom_require.rb:36:in `gem_original_require': no such file to load -- bundler/setup (LoadError)
	from /usr/local/lib/site_ruby/1.8/rubygems/custom_require.rb:36:in `require'
	from /home/ovca/Dropbox/Programiranje/ruby/rails/orders/config/boot.rb:6
	from script/rails:5:in `require'
	from script/rails:5
/usr/local/lib/site_ruby/1.8/rubygems/custom_require.rb:36:in `gem_original_require': no such file to load -- bundler/setup (LoadError)
	from /usr/local/lib/site_ruby/1.8/rubygems/custom_require.rb:36:in `require'
	from /home/ovca/Dropbox/Programiranje/ruby/rails/orders/config/boot.rb:6
	from script/rails:5:in `require'
	from script/rails:5
/home/ovca/.rvm/gems/ruby-1.8.7-p352@global/gems/bundler-1.0.15/lib/bundler/resolver.rb:280:in `resolve': Could not find gem 'annotate (= 2.4.0)' in any of the gem sources listed in your Gemfile. (Bundler::GemNotFound)
	from /home/ovca/.rvm/gems/ruby-1.8.7-p352@global/gems/bundler-1.0.15/lib/bundler/resolver.rb:160:in `start'
	from /home/ovca/.rvm/gems/ruby-1.8.7-p352@global/gems/bundler-1.0.15/lib/bundler/resolver.rb:128:in `resolve'
	from /home/ovca/.rvm/gems/ruby-1.8.7-p352@global/gems/bundler-1.0.15/lib/bundler/resolver.rb:127:in `catch'
	from /home/ovca/.rvm/gems/ruby-1.8.7-p352@global/gems/bundler-1.0.15/lib/bundler/resolver.rb:127:in `resolve'
	from /home/ovca/.rvm/gems/ruby-1.8.7-p352@global/gems/bundler-1.0.15/lib/bundler/definition.rb:151:in `resolve'
	from /home/ovca/.rvm/gems/ruby-1.8.7-p352@global/gems/bundler-1.0.15/lib/bundler/definition.rb:90:in `specs'
	from /home/ovca/.rvm/gems/ruby-1.8.7-p352@global/gems/bundler-1.0.15/lib/bundler/definition.rb:135:in `specs_for'
	from /home/ovca/.rvm/gems/ruby-1.8.7-p352@global/gems/bundler-1.0.15/lib/bundler/definition.rb:124:in `requested_specs'
	from /home/ovca/.rvm/gems/ruby-1.8.7-p352@global/gems/bundler-1.0.15/lib/bundler/environment.rb:23:in `requested_specs'
	from /home/ovca/.rvm/gems/ruby-1.8.7-p352@global/gems/bundler-1.0.15/lib/bundler/runtime.rb:11:in `setup'
	from /home/ovca/.rvm/gems/ruby-1.8.7-p352@global/gems/bundler-1.0.15/lib/bundler.rb:107:in `setup'
	from /home/ovca/.rvm/gems/ruby-1.8.7-p352@global/gems/bundler-1.0.15/lib/bundler/setup.rb:17
	from /home/ovca/.rvm/rubies/ruby-1.8.7-p352/lib/ruby/site_ruby/1.8/rubygems/custom_require.rb:58:in `gem_original_require'
	from /home/ovca/.rvm/rubies/ruby-1.8.7-p352/lib/ruby/site_ruby/1.8/rubygems/custom_require.rb:58:in `require'
	from /home/ovca/Dropbox/Programiranje/ruby/rails/orders/config/boot.rb:6
	from script/rails:5:in `require'
	from script/rails:5
/home/ovca/.rvm/gems/ruby-1.9.2-p180@orders/gems/railties-3.0.9/lib/rails/commands/runner.rb:50:in `eval': undefined method `created_at' for #<Class:0x993147c> (NoMethodError)
	from /home/ovca/Dropbox/Programiranje/ruby/rails/orders/app/models/order.rb:17:in `<class:Order>'
	from /home/ovca/Dropbox/Programiranje/ruby/rails/orders/app/models/order.rb:13:in `<top (required)>'
	from /home/ovca/.rvm/gems/ruby-1.9.2-p180@orders/gems/activesupport-3.0.9/lib/active_support/dependencies.rb:454:in `load'
	from /home/ovca/.rvm/gems/ruby-1.9.2-p180@orders/gems/activesupport-3.0.9/lib/active_support/dependencies.rb:454:in `block in load_file'
	from /home/ovca/.rvm/gems/ruby-1.9.2-p180@orders/gems/activesupport-3.0.9/lib/active_support/dependencies.rb:596:in `new_constants_in'
	from /home/ovca/.rvm/gems/ruby-1.9.2-p180@orders/gems/activesupport-3.0.9/lib/active_support/dependencies.rb:453:in `load_file'
	from /home/ovca/.rvm/gems/ruby-1.9.2-p180@orders/gems/activesupport-3.0.9/lib/active_support/dependencies.rb:340:in `require_or_load'
	from /home/ovca/.rvm/gems/ruby-1.9.2-p180@orders/gems/activesupport-3.0.9/lib/active_support/dependencies.rb:491:in `load_missing_constant'
	from /home/ovca/.rvm/gems/ruby-1.9.2-p180@orders/gems/activesupport-3.0.9/lib/active_support/dependencies.rb:183:in `block in const_missing'
	from /home/ovca/.rvm/gems/ruby-1.9.2-p180@orders/gems/activesupport-3.0.9/lib/active_support/dependencies.rb:181:in `each'
	from /home/ovca/.rvm/gems/ruby-1.9.2-p180@orders/gems/activesupport-3.0.9/lib/active_support/dependencies.rb:181:in `const_missing'
	from (eval):1:in `<top (required)>'
	from /home/ovca/.rvm/gems/ruby-1.9.2-p180@orders/gems/railties-3.0.9/lib/rails/commands/runner.rb:50:in `eval'
	from /home/ovca/.rvm/gems/ruby-1.9.2-p180@orders/gems/railties-3.0.9/lib/rails/commands/runner.rb:50:in `<top (required)>'
	from /home/ovca/.rvm/gems/ruby-1.9.2-p180@orders/gems/railties-3.0.9/lib/rails/commands.rb:39:in `require'
	from /home/ovca/.rvm/gems/ruby-1.9.2-p180@orders/gems/railties-3.0.9/lib/rails/commands.rb:39:in `<top (required)>'
	from script/rails:6:in `require'
	from script/rails:6:in `<main>'
/home/ovca/.rvm/gems/ruby-1.9.2-p180@orders/gems/railties-3.0.9/lib/rails/commands/runner.rb:50:in `eval': /home/ovca/Dropbox/Programiranje/ruby/rails/orders/app/models/order.rb:39: syntax error, unexpected '=', expecting ')' (SyntaxError)
...ders = self.where(:created_at = (Time.now - limit)..Time.now...
...                               ^
/home/ovca/Dropbox/Programiranje/ruby/rails/orders/app/models/order.rb:39: syntax error, unexpected ')', expecting keyword_end
...= (Time.now - limit)..Time.now) 
...                               ^
	from /home/ovca/.rvm/gems/ruby-1.9.2-p180@orders/gems/activesupport-3.0.9/lib/active_support/dependencies.rb:454:in `block in load_file'
	from /home/ovca/.rvm/gems/ruby-1.9.2-p180@orders/gems/activesupport-3.0.9/lib/active_support/dependencies.rb:596:in `new_constants_in'
	from /home/ovca/.rvm/gems/ruby-1.9.2-p180@orders/gems/activesupport-3.0.9/lib/active_support/dependencies.rb:453:in `load_file'
	from /home/ovca/.rvm/gems/ruby-1.9.2-p180@orders/gems/activesupport-3.0.9/lib/active_support/dependencies.rb:340:in `require_or_load'
	from /home/ovca/.rvm/gems/ruby-1.9.2-p180@orders/gems/activesupport-3.0.9/lib/active_support/dependencies.rb:491:in `load_missing_constant'
	from /home/ovca/.rvm/gems/ruby-1.9.2-p180@orders/gems/activesupport-3.0.9/lib/active_support/dependencies.rb:183:in `block in const_missing'
	from /home/ovca/.rvm/gems/ruby-1.9.2-p180@orders/gems/activesupport-3.0.9/lib/active_support/dependencies.rb:181:in `each'
	from /home/ovca/.rvm/gems/ruby-1.9.2-p180@orders/gems/activesupport-3.0.9/lib/active_support/dependencies.rb:181:in `const_missing'
	from (eval):1:in `<top (required)>'
	from /home/ovca/.rvm/gems/ruby-1.9.2-p180@orders/gems/railties-3.0.9/lib/rails/commands/runner.rb:50:in `eval'
	from /home/ovca/.rvm/gems/ruby-1.9.2-p180@orders/gems/railties-3.0.9/lib/rails/commands/runner.rb:50:in `<top (required)>'
	from /home/ovca/.rvm/gems/ruby-1.9.2-p180@orders/gems/railties-3.0.9/lib/rails/commands.rb:39:in `require'
	from /home/ovca/.rvm/gems/ruby-1.9.2-p180@orders/gems/railties-3.0.9/lib/rails/commands.rb:39:in `<top (required)>'
	from script/rails:6:in `require'
	from script/rails:6:in `<main>'
/home/ovca/.rvm/gems/ruby-1.9.2-p180@orders/gems/railties-3.0.9/lib/rails/commands/runner.rb:50:in `eval': /home/ovca/Dropbox/Programiranje/ruby/rails/orders/app/models/order.rb:43: syntax error, unexpected tCONSTANT, expecting keyword_do or '{' or '(' (SyntaxError)
...re(:total => limit1..limit2 AND :created_at => Time.at(0)..(...
...                               ^
/home/ovca/Dropbox/Programiranje/ruby/rails/orders/app/models/order.rb:43: syntax error, unexpected ')', expecting keyword_end
	from /home/ovca/.rvm/gems/ruby-1.9.2-p180@orders/gems/activesupport-3.0.9/lib/active_support/dependencies.rb:454:in `block in load_file'
	from /home/ovca/.rvm/gems/ruby-1.9.2-p180@orders/gems/activesupport-3.0.9/lib/active_support/dependencies.rb:596:in `new_constants_in'
	from /home/ovca/.rvm/gems/ruby-1.9.2-p180@orders/gems/activesupport-3.0.9/lib/active_support/dependencies.rb:453:in `load_file'
	from /home/ovca/.rvm/gems/ruby-1.9.2-p180@orders/gems/activesupport-3.0.9/lib/active_support/dependencies.rb:340:in `require_or_load'
	from /home/ovca/.rvm/gems/ruby-1.9.2-p180@orders/gems/activesupport-3.0.9/lib/active_support/dependencies.rb:491:in `load_missing_constant'
	from /home/ovca/.rvm/gems/ruby-1.9.2-p180@orders/gems/activesupport-3.0.9/lib/active_support/dependencies.rb:183:in `block in const_missing'
	from /home/ovca/.rvm/gems/ruby-1.9.2-p180@orders/gems/activesupport-3.0.9/lib/active_support/dependencies.rb:181:in `each'
	from /home/ovca/.rvm/gems/ruby-1.9.2-p180@orders/gems/activesupport-3.0.9/lib/active_support/dependencies.rb:181:in `const_missing'
	from (eval):1:in `<top (required)>'
	from /home/ovca/.rvm/gems/ruby-1.9.2-p180@orders/gems/railties-3.0.9/lib/rails/commands/runner.rb:50:in `eval'
	from /home/ovca/.rvm/gems/ruby-1.9.2-p180@orders/gems/railties-3.0.9/lib/rails/commands/runner.rb:50:in `<top (required)>'
	from /home/ovca/.rvm/gems/ruby-1.9.2-p180@orders/gems/railties-3.0.9/lib/rails/commands.rb:39:in `require'
	from /home/ovca/.rvm/gems/ruby-1.9.2-p180@orders/gems/railties-3.0.9/lib/rails/commands.rb:39:in `<top (required)>'
	from script/rails:6:in `require'
	from script/rails:6:in `<main>'
/home/ovca/.rvm/gems/ruby-1.9.2-p180@orders/gems/railties-3.0.9/lib/rails/commands/runner.rb:50:in `eval': You have a nil object when you didn't expect it! (NoMethodError)
You might have expected an instance of Array.
The error occurred while evaluating nil.each
	from (eval):1:in `<top (required)>'
	from /home/ovca/.rvm/gems/ruby-1.9.2-p180@orders/gems/railties-3.0.9/lib/rails/commands/runner.rb:50:in `eval'
	from /home/ovca/.rvm/gems/ruby-1.9.2-p180@orders/gems/railties-3.0.9/lib/rails/commands/runner.rb:50:in `<top (required)>'
	from /home/ovca/.rvm/gems/ruby-1.9.2-p180@orders/gems/railties-3.0.9/lib/rails/commands.rb:39:in `require'
	from /home/ovca/.rvm/gems/ruby-1.9.2-p180@orders/gems/railties-3.0.9/lib/rails/commands.rb:39:in `<top (required)>'
	from script/rails:6:in `require'
	from script/rails:6:in `<main>'
/home/ovca/.rvm/gems/ruby-1.9.2-p180@orders/gems/railties-3.0.9/lib/rails/commands/runner.rb:50:in `eval': You have a nil object when you didn't expect it! (NoMethodError)
You might have expected an instance of Array.
The error occurred while evaluating nil.each
	from (eval):1:in `<top (required)>'
	from /home/ovca/.rvm/gems/ruby-1.9.2-p180@orders/gems/railties-3.0.9/lib/rails/commands/runner.rb:50:in `eval'
	from /home/ovca/.rvm/gems/ruby-1.9.2-p180@orders/gems/railties-3.0.9/lib/rails/commands/runner.rb:50:in `<top (required)>'
	from /home/ovca/.rvm/gems/ruby-1.9.2-p180@orders/gems/railties-3.0.9/lib/rails/commands.rb:39:in `require'
	from /home/ovca/.rvm/gems/ruby-1.9.2-p180@orders/gems/railties-3.0.9/lib/rails/commands.rb:39:in `<top (required)>'
	from script/rails:6:in `require'
	from script/rails:6:in `<main>'
/home/ovca/.rvm/gems/ruby-1.9.2-p180@orders/gems/railties-3.0.9/lib/rails/commands/runner.rb:50:in `eval': SQLite3::BusyException: database is locked: INSERT INTO "orders" ("buyer_id", "total", "active", "created_at", "updated_at") VALUES (1, 10001, 't', '2011-07-13 14:40:09.998421', '2011-07-13 14:40:09.998421') (ActiveRecord::StatementInvalid)
	from /home/ovca/.rvm/gems/ruby-1.9.2-p180@orders/gems/activerecord-3.0.9/lib/active_record/connection_adapters/abstract_adapter.rb:199:in `log'
	from /home/ovca/.rvm/gems/ruby-1.9.2-p180@orders/gems/activerecord-3.0.9/lib/active_record/connection_adapters/sqlite_adapter.rb:135:in `execute'
	from /home/ovca/.rvm/gems/ruby-1.9.2-p180@orders/gems/activerecord-3.0.9/lib/active_record/connection_adapters/abstract/database_statements.rb:282:in `insert_sql'
	from /home/ovca/.rvm/gems/ruby-1.9.2-p180@orders/gems/activerecord-3.0.9/lib/active_record/connection_adapters/sqlite_adapter.rb:149:in `insert_sql'
	from /home/ovca/.rvm/gems/ruby-1.9.2-p180@orders/gems/activerecord-3.0.9/lib/active_record/connection_adapters/abstract/database_statements.rb:44:in `insert'
	from /home/ovca/.rvm/gems/ruby-1.9.2-p180@orders/gems/activerecord-3.0.9/lib/active_record/connection_adapters/abstract/query_cache.rb:16:in `insert'
	from /home/ovca/.rvm/gems/ruby-1.9.2-p180@orders/gems/arel-2.0.10/lib/arel/select_manager.rb:217:in `insert'
	from /home/ovca/.rvm/gems/ruby-1.9.2-p180@orders/gems/activerecord-3.0.9/lib/active_record/relation.rb:14:in `insert'
	from /home/ovca/.rvm/gems/ruby-1.9.2-p180@orders/gems/activerecord-3.0.9/lib/active_record/persistence.rb:274:in `create'
	from /home/ovca/.rvm/gems/ruby-1.9.2-p180@orders/gems/activerecord-3.0.9/lib/active_record/timestamp.rb:47:in `create'
	from /home/ovca/.rvm/gems/ruby-1.9.2-p180@orders/gems/activerecord-3.0.9/lib/active_record/callbacks.rb:277:in `block in create'
	from /home/ovca/.rvm/gems/ruby-1.9.2-p180@orders/gems/activesupport-3.0.9/lib/active_support/callbacks.rb:414:in `_run_create_callbacks'
	from /home/ovca/.rvm/gems/ruby-1.9.2-p180@orders/gems/activerecord-3.0.9/lib/active_record/callbacks.rb:277:in `create'
	from /home/ovca/.rvm/gems/ruby-1.9.2-p180@orders/gems/activerecord-3.0.9/lib/active_record/persistence.rb:250:in `create_or_update'
	from /home/ovca/.rvm/gems/ruby-1.9.2-p180@orders/gems/activerecord-3.0.9/lib/active_record/callbacks.rb:273:in `block in create_or_update'
	from /home/ovca/.rvm/gems/ruby-1.9.2-p180@orders/gems/activesupport-3.0.9/lib/active_support/callbacks.rb:414:in `_run_save_callbacks'
	from /home/ovca/.rvm/gems/ruby-1.9.2-p180@orders/gems/activerecord-3.0.9/lib/active_record/callbacks.rb:273:in `create_or_update'
	from /home/ovca/.rvm/gems/ruby-1.9.2-p180@orders/gems/activerecord-3.0.9/lib/active_record/persistence.rb:40:in `save'
	from /home/ovca/.rvm/gems/ruby-1.9.2-p180@orders/gems/activerecord-3.0.9/lib/active_record/validations.rb:43:in `save'
	from /home/ovca/.rvm/gems/ruby-1.9.2-p180@orders/gems/activerecord-3.0.9/lib/active_record/attribute_methods/dirty.rb:21:in `save'
	from /home/ovca/.rvm/gems/ruby-1.9.2-p180@orders/gems/activerecord-3.0.9/lib/active_record/transactions.rb:240:in `block (2 levels) in save'
	from /home/ovca/.rvm/gems/ruby-1.9.2-p180@orders/gems/activerecord-3.0.9/lib/active_record/transactions.rb:292:in `block in with_transaction_returning_status'
	from /home/ovca/.rvm/gems/ruby-1.9.2-p180@orders/gems/activerecord-3.0.9/lib/active_record/connection_adapters/abstract/database_statements.rb:139:in `transaction'
	from /home/ovca/.rvm/gems/ruby-1.9.2-p180@orders/gems/activerecord-3.0.9/lib/active_record/transactions.rb:207:in `transaction'
	from /home/ovca/.rvm/gems/ruby-1.9.2-p180@orders/gems/activerecord-3.0.9/lib/active_record/transactions.rb:290:in `with_transaction_returning_status'
	from /home/ovca/.rvm/gems/ruby-1.9.2-p180@orders/gems/activerecord-3.0.9/lib/active_record/transactions.rb:240:in `block in save'
	from /home/ovca/.rvm/gems/ruby-1.9.2-p180@orders/gems/activerecord-3.0.9/lib/active_record/transactions.rb:251:in `rollback_active_record_state!'
	from /home/ovca/.rvm/gems/ruby-1.9.2-p180@orders/gems/activerecord-3.0.9/lib/active_record/transactions.rb:239:in `save'
	from /home/ovca/.rvm/gems/ruby-1.9.2-p180@orders/gems/activerecord-3.0.9/lib/active_record/base.rb:504:in `create'
	from (eval):1:in `<top (required)>'
	from /home/ovca/.rvm/gems/ruby-1.9.2-p180@orders/gems/railties-3.0.9/lib/rails/commands/runner.rb:50:in `eval'
	from /home/ovca/.rvm/gems/ruby-1.9.2-p180@orders/gems/railties-3.0.9/lib/rails/commands/runner.rb:50:in `<top (required)>'
	from /home/ovca/.rvm/gems/ruby-1.9.2-p180@orders/gems/railties-3.0.9/lib/rails/commands.rb:39:in `require'
	from /home/ovca/.rvm/gems/ruby-1.9.2-p180@orders/gems/railties-3.0.9/lib/rails/commands.rb:39:in `<top (required)>'
	from script/rails:6:in `require'
	from script/rails:6:in `<main>'
/home/ovca/.rvm/gems/ruby-1.9.2-p180@orders/gems/railties-3.0.9/lib/rails/commands/runner.rb:50:in `eval': SQLite3::BusyException: database is locked: INSERT INTO "orders" ("buyer_id", "total", "active", "created_at", "updated_at") VALUES (1, 10001, 't', '2011-07-13 15:20:11.157748', '2011-07-13 15:20:11.157748') (ActiveRecord::StatementInvalid)
	from /home/ovca/.rvm/gems/ruby-1.9.2-p180@orders/gems/activerecord-3.0.9/lib/active_record/connection_adapters/abstract_adapter.rb:199:in `log'
	from /home/ovca/.rvm/gems/ruby-1.9.2-p180@orders/gems/activerecord-3.0.9/lib/active_record/connection_adapters/sqlite_adapter.rb:135:in `execute'
	from /home/ovca/.rvm/gems/ruby-1.9.2-p180@orders/gems/activerecord-3.0.9/lib/active_record/connection_adapters/abstract/database_statements.rb:282:in `insert_sql'
	from /home/ovca/.rvm/gems/ruby-1.9.2-p180@orders/gems/activerecord-3.0.9/lib/active_record/connection_adapters/sqlite_adapter.rb:149:in `insert_sql'
	from /home/ovca/.rvm/gems/ruby-1.9.2-p180@orders/gems/activerecord-3.0.9/lib/active_record/connection_adapters/abstract/database_statements.rb:44:in `insert'
	from /home/ovca/.rvm/gems/ruby-1.9.2-p180@orders/gems/activerecord-3.0.9/lib/active_record/connection_adapters/abstract/query_cache.rb:16:in `insert'
	from /home/ovca/.rvm/gems/ruby-1.9.2-p180@orders/gems/arel-2.0.10/lib/arel/select_manager.rb:217:in `insert'
	from /home/ovca/.rvm/gems/ruby-1.9.2-p180@orders/gems/activerecord-3.0.9/lib/active_record/relation.rb:14:in `insert'
	from /home/ovca/.rvm/gems/ruby-1.9.2-p180@orders/gems/activerecord-3.0.9/lib/active_record/persistence.rb:274:in `create'
	from /home/ovca/.rvm/gems/ruby-1.9.2-p180@orders/gems/activerecord-3.0.9/lib/active_record/timestamp.rb:47:in `create'
	from /home/ovca/.rvm/gems/ruby-1.9.2-p180@orders/gems/activerecord-3.0.9/lib/active_record/callbacks.rb:277:in `block in create'
	from /home/ovca/.rvm/gems/ruby-1.9.2-p180@orders/gems/activesupport-3.0.9/lib/active_support/callbacks.rb:414:in `_run_create_callbacks'
	from /home/ovca/.rvm/gems/ruby-1.9.2-p180@orders/gems/activerecord-3.0.9/lib/active_record/callbacks.rb:277:in `create'
	from /home/ovca/.rvm/gems/ruby-1.9.2-p180@orders/gems/activerecord-3.0.9/lib/active_record/persistence.rb:250:in `create_or_update'
	from /home/ovca/.rvm/gems/ruby-1.9.2-p180@orders/gems/activerecord-3.0.9/lib/active_record/callbacks.rb:273:in `block in create_or_update'
	from /home/ovca/.rvm/gems/ruby-1.9.2-p180@orders/gems/activesupport-3.0.9/lib/active_support/callbacks.rb:414:in `_run_save_callbacks'
	from /home/ovca/.rvm/gems/ruby-1.9.2-p180@orders/gems/activerecord-3.0.9/lib/active_record/callbacks.rb:273:in `create_or_update'
	from /home/ovca/.rvm/gems/ruby-1.9.2-p180@orders/gems/activerecord-3.0.9/lib/active_record/persistence.rb:40:in `save'
	from /home/ovca/.rvm/gems/ruby-1.9.2-p180@orders/gems/activerecord-3.0.9/lib/active_record/validations.rb:43:in `save'
	from /home/ovca/.rvm/gems/ruby-1.9.2-p180@orders/gems/activerecord-3.0.9/lib/active_record/attribute_methods/dirty.rb:21:in `save'
	from /home/ovca/.rvm/gems/ruby-1.9.2-p180@orders/gems/activerecord-3.0.9/lib/active_record/transactions.rb:240:in `block (2 levels) in save'
	from /home/ovca/.rvm/gems/ruby-1.9.2-p180@orders/gems/activerecord-3.0.9/lib/active_record/transactions.rb:292:in `block in with_transaction_returning_status'
	from /home/ovca/.rvm/gems/ruby-1.9.2-p180@orders/gems/activerecord-3.0.9/lib/active_record/connection_adapters/abstract/database_statements.rb:139:in `transaction'
	from /home/ovca/.rvm/gems/ruby-1.9.2-p180@orders/gems/activerecord-3.0.9/lib/active_record/transactions.rb:207:in `transaction'
	from /home/ovca/.rvm/gems/ruby-1.9.2-p180@orders/gems/activerecord-3.0.9/lib/active_record/transactions.rb:290:in `with_transaction_returning_status'
	from /home/ovca/.rvm/gems/ruby-1.9.2-p180@orders/gems/activerecord-3.0.9/lib/active_record/transactions.rb:240:in `block in save'
	from /home/ovca/.rvm/gems/ruby-1.9.2-p180@orders/gems/activerecord-3.0.9/lib/active_record/transactions.rb:251:in `rollback_active_record_state!'
	from /home/ovca/.rvm/gems/ruby-1.9.2-p180@orders/gems/activerecord-3.0.9/lib/active_record/transactions.rb:239:in `save'
	from /home/ovca/.rvm/gems/ruby-1.9.2-p180@orders/gems/activerecord-3.0.9/lib/active_record/base.rb:504:in `create'
	from (eval):1:in `<top (required)>'
	from /home/ovca/.rvm/gems/ruby-1.9.2-p180@orders/gems/railties-3.0.9/lib/rails/commands/runner.rb:50:in `eval'
	from /home/ovca/.rvm/gems/ruby-1.9.2-p180@orders/gems/railties-3.0.9/lib/rails/commands/runner.rb:50:in `<top (required)>'
	from /home/ovca/.rvm/gems/ruby-1.9.2-p180@orders/gems/railties-3.0.9/lib/rails/commands.rb:39:in `require'
	from /home/ovca/.rvm/gems/ruby-1.9.2-p180@orders/gems/railties-3.0.9/lib/rails/commands.rb:39:in `<top (required)>'
	from script/rails:6:in `require'
	from script/rails:6:in `<main>'
/home/ovca/.rvm/gems/ruby-1.9.2-p180@orders/gems/railties-3.0.9/lib/rails/commands/runner.rb:50:in `eval': SQLite3::BusyException: database is locked: INSERT INTO "orders" ("buyer_id", "total", "active", "created_at", "updated_at") VALUES (1, 10001, 't', '2011-07-13 15:30:10.983434', '2011-07-13 15:30:10.983434') (ActiveRecord::StatementInvalid)
	from /home/ovca/.rvm/gems/ruby-1.9.2-p180@orders/gems/activerecord-3.0.9/lib/active_record/connection_adapters/abstract_adapter.rb:199:in `log'
	from /home/ovca/.rvm/gems/ruby-1.9.2-p180@orders/gems/activerecord-3.0.9/lib/active_record/connection_adapters/sqlite_adapter.rb:135:in `execute'
	from /home/ovca/.rvm/gems/ruby-1.9.2-p180@orders/gems/activerecord-3.0.9/lib/active_record/connection_adapters/abstract/database_statements.rb:282:in `insert_sql'
	from /home/ovca/.rvm/gems/ruby-1.9.2-p180@orders/gems/activerecord-3.0.9/lib/active_record/connection_adapters/sqlite_adapter.rb:149:in `insert_sql'
	from /home/ovca/.rvm/gems/ruby-1.9.2-p180@orders/gems/activerecord-3.0.9/lib/active_record/connection_adapters/abstract/database_statements.rb:44:in `insert'
	from /home/ovca/.rvm/gems/ruby-1.9.2-p180@orders/gems/activerecord-3.0.9/lib/active_record/connection_adapters/abstract/query_cache.rb:16:in `insert'
	from /home/ovca/.rvm/gems/ruby-1.9.2-p180@orders/gems/arel-2.0.10/lib/arel/select_manager.rb:217:in `insert'
	from /home/ovca/.rvm/gems/ruby-1.9.2-p180@orders/gems/activerecord-3.0.9/lib/active_record/relation.rb:14:in `insert'
	from /home/ovca/.rvm/gems/ruby-1.9.2-p180@orders/gems/activerecord-3.0.9/lib/active_record/persistence.rb:274:in `create'
	from /home/ovca/.rvm/gems/ruby-1.9.2-p180@orders/gems/activerecord-3.0.9/lib/active_record/timestamp.rb:47:in `create'
	from /home/ovca/.rvm/gems/ruby-1.9.2-p180@orders/gems/activerecord-3.0.9/lib/active_record/callbacks.rb:277:in `block in create'
	from /home/ovca/.rvm/gems/ruby-1.9.2-p180@orders/gems/activesupport-3.0.9/lib/active_support/callbacks.rb:414:in `_run_create_callbacks'
	from /home/ovca/.rvm/gems/ruby-1.9.2-p180@orders/gems/activerecord-3.0.9/lib/active_record/callbacks.rb:277:in `create'
	from /home/ovca/.rvm/gems/ruby-1.9.2-p180@orders/gems/activerecord-3.0.9/lib/active_record/persistence.rb:250:in `create_or_update'
	from /home/ovca/.rvm/gems/ruby-1.9.2-p180@orders/gems/activerecord-3.0.9/lib/active_record/callbacks.rb:273:in `block in create_or_update'
	from /home/ovca/.rvm/gems/ruby-1.9.2-p180@orders/gems/activesupport-3.0.9/lib/active_support/callbacks.rb:414:in `_run_save_callbacks'
	from /home/ovca/.rvm/gems/ruby-1.9.2-p180@orders/gems/activerecord-3.0.9/lib/active_record/callbacks.rb:273:in `create_or_update'
	from /home/ovca/.rvm/gems/ruby-1.9.2-p180@orders/gems/activerecord-3.0.9/lib/active_record/persistence.rb:40:in `save'
	from /home/ovca/.rvm/gems/ruby-1.9.2-p180@orders/gems/activerecord-3.0.9/lib/active_record/validations.rb:43:in `save'
	from /home/ovca/.rvm/gems/ruby-1.9.2-p180@orders/gems/activerecord-3.0.9/lib/active_record/attribute_methods/dirty.rb:21:in `save'
	from /home/ovca/.rvm/gems/ruby-1.9.2-p180@orders/gems/activerecord-3.0.9/lib/active_record/transactions.rb:240:in `block (2 levels) in save'
	from /home/ovca/.rvm/gems/ruby-1.9.2-p180@orders/gems/activerecord-3.0.9/lib/active_record/transactions.rb:292:in `block in with_transaction_returning_status'
	from /home/ovca/.rvm/gems/ruby-1.9.2-p180@orders/gems/activerecord-3.0.9/lib/active_record/connection_adapters/abstract/database_statements.rb:139:in `transaction'
	from /home/ovca/.rvm/gems/ruby-1.9.2-p180@orders/gems/activerecord-3.0.9/lib/active_record/transactions.rb:207:in `transaction'
	from /home/ovca/.rvm/gems/ruby-1.9.2-p180@orders/gems/activerecord-3.0.9/lib/active_record/transactions.rb:290:in `with_transaction_returning_status'
	from /home/ovca/.rvm/gems/ruby-1.9.2-p180@orders/gems/activerecord-3.0.9/lib/active_record/transactions.rb:240:in `block in save'
	from /home/ovca/.rvm/gems/ruby-1.9.2-p180@orders/gems/activerecord-3.0.9/lib/active_record/transactions.rb:251:in `rollback_active_record_state!'
	from /home/ovca/.rvm/gems/ruby-1.9.2-p180@orders/gems/activerecord-3.0.9/lib/active_record/transactions.rb:239:in `save'
	from /home/ovca/.rvm/gems/ruby-1.9.2-p180@orders/gems/activerecord-3.0.9/lib/active_record/base.rb:504:in `create'
	from (eval):1:in `<top (required)>'
	from /home/ovca/.rvm/gems/ruby-1.9.2-p180@orders/gems/railties-3.0.9/lib/rails/commands/runner.rb:50:in `eval'
	from /home/ovca/.rvm/gems/ruby-1.9.2-p180@orders/gems/railties-3.0.9/lib/rails/commands/runner.rb:50:in `<top (required)>'
	from /home/ovca/.rvm/gems/ruby-1.9.2-p180@orders/gems/railties-3.0.9/lib/rails/commands.rb:39:in `require'
	from /home/ovca/.rvm/gems/ruby-1.9.2-p180@orders/gems/railties-3.0.9/lib/rails/commands.rb:39:in `<top (required)>'
	from script/rails:6:in `require'
	from script/rails:6:in `<main>'
